<?xml version="1.0" encoding="UTF-8"?>
<!-- Generated by org.testng.reporters.JUnitReportReporter -->
<testsuite hostname="DESKTOP-QPFEMJR" failures="0" tests="1" name="testCases.PartOnlyTest" time="1.354" errors="0" timestamp="2021-03-31T22:11:04 EDT" skipped="0">
  <testcase classname="testCases.PartOnlyTest" name="partOnlyTest" time="1.354"/>
  <system-out>
PARTONLYTEST   checking  test  case run mode. if run mode is no: test will be skipped. waiting  in this  : [[ChromeDriver: chrome on WINDOWS (21d685027c9f4224d45547ae132df10b)] -> xpath: //body/anms-root[1]/main[1]/pages[1]/div[2]/div[2]/div[1]/div[2]/quotes[1]/div[2]/div[1]/div[1]/div[1]/div[1]/button[1]] web elemet to be clickable   clicking  in this  : [[ChromeDriver: chrome on WINDOWS (21d685027c9f4224d45547ae132df10b)] -> xpath: //body/anms-root[1]/main[1]/pages[1]/div[2]/div[2]/div[1]/div[2]/quotes[1]/div[2]/div[1]/div[1]/div[1]/div[1]/button[1]] bottom waiting  in this  : [[ChromeDriver: chrome on WINDOWS (21d685027c9f4224d45547ae132df10b)] -> xpath: //div[@class='col-sm-4 form-group inputbutton customerListDropDown float-left']//select[@class='select-dropdown ng-untouched ng-pristine ng-valid ng-star-inserted']] web elemet to be vissible  selecting in this : [[ChromeDriver: chrome on WINDOWS (21d685027c9f4224d45547ae132df10b)] -> xpath: //div[@class='col-sm-4 form-group inputbutton customerListDropDown float-left']//select[@class='select-dropdown ng-untouched ng-pristine ng-valid ng-star-inserted']] enter index number  as the 219: Test typing in this : [[ChromeDriver: chrome on WINDOWS (21d685027c9f4224d45547ae132df10b)] -> xpath: //input[@id='curtainCost']] enter value as the PageObjectDataDriven waiting  in this  : By.xpath: //body/anms-root[1]/main[1]/pages[1]/div[2]/div[2]/div[1]/div[2]/add-quotes[1]/div[1]/div[1]/div[1]/form[1]/div[1]/div[4]/div[1]/dropdrown[1]/div[1]/select[1] elemet to be peresent    selecting in this : [[ChromeDriver: chrome on WINDOWS (21d685027c9f4224d45547ae132df10b)] -> xpath: //body/anms-root[1]/main[1]/pages[1]/div[2]/div[2]/div[1]/div[2]/add-quotes[1]/div[1]/div[1]/div[1]/form[1]/div[1]/div[4]/div[1]/dropdrown[1]/div[1]/select[1]] enter index number  as the 2 clicking  in this  : [[ChromeDriver: chrome on WINDOWS (21d685027c9f4224d45547ae132df10b)] -> xpath: //div[@class='curvesHeadingContainer']//button[@type='button']] bottom selecting in this : [[ChromeDriver: chrome on WINDOWS (21d685027c9f4224d45547ae132df10b)] -> xpath: //body/anms-root[1]/main[1]/pages[1]/div[2]/div[2]/div[1]/div[2]/add-quotes[1]/div[1]/div[1]/div[1]/form[1]/div[2]/div[1]/div[1]/div[1]/div[1]/div[2]/quote-curve[1]/div[1]/div[3]/ngx-smart-modal[1]/div[1]/div[1]/div[1]/div[1]/div[2]/add-quote-curve[1]/div[1]/div[1]/div[1]/form[1]/div[1]/div[1]/dropdrown[1]/div[1]/select[1]] enter index number  as the 2 typing in this : [[ChromeDriver: chrome on WINDOWS (21d685027c9f4224d45547ae132df10b)] -> xpath: //input[@id='linearLengthFeet']] enter value as the 10 clicking  in this  : [[ChromeDriver: chrome on WINDOWS (21d685027c9f4224d45547ae132df10b)] -> xpath: /html[1]/body[1]/anms-root[1]/main[1]/pages[1]/div[2]/div[2]/div[1]/div[2]/add-quotes[1]/div[1]/div[1]/div[1]/form[1]/div[2]/div[1]/div[1]/div[1]/div[1]/div[2]/quote-curve[1]/div[1]/div[3]/ngx-smart-modal[1]/div[1]/div[1]/div[1]/div[1]/div[2]/add-quote-curve[1]/div[1]/div[1]/div[1]/form[1]/div[1]/div[5]/input[2]] bottom waiting  in this  : [[ChromeDriver: chrome on WINDOWS (21d685027c9f4224d45547ae132df10b)] -> xpath: //i[@class='btn btn-danger btn-xs fa fa-trash-o']] web elemet to be vissible  waiting  in this  : By.xpath: //i[@class='btn btn-danger btn-xs fa fa-trash-o'] elemet to be peresent    partOnlyTest   test is succefully tested  </system-out>
</testsuite> <!-- testCases.PartOnlyTest -->
