<?xml version="1.0" encoding="UTF-8"?>
<!-- Generated by org.testng.reporters.JUnitReportReporter -->
<testsuite hostname="DESKTOP-QPFEMJR" failures="0" tests="5" name="testCases.LoginTest" time="0.681" errors="0" timestamp="2021-04-01T00:20:28 EDT" skipped="4">
  <testcase classname="testCases.LoginTest" name="loginAsWorker" time="0.671"/>
  <system-out>
LOGINASWORKER   checking  test  case run mode. if run mode is no: test will be skipped. typing in this : By.xpath: //input[@id='inputEmail3'] enter value as the ercan@ontherighttrack.com  valid email is entered typing in this : By.cssSelector: #inputPassword3 enter value as the Amerika254 valid passwords is entering clicking  in this  : By.xpath: //input[@value='SIGN IN'] bottom Succefully entering main page. waiting  in this  : By.xpath: //div[@id='toast-container'] elemet to be peresent    waiting  in this  : By.xpath: //i[@class='fa fa-plus'] elemet to be peresent    loginAsWorker   test is succefully tested  </system-out>
  <testcase classname="testCases.LoginTest" name="loginAsWorker" time="0.001">
    <skipped/>
  </testcase> <!-- loginAsWorker -->
  <system-out>
LOGINASWORKER   checking  test  case run mode. if run mode is no: test will be skipped. loginAsWorker   test is  skipped the test as run mode is no   </system-out>
  <testcase classname="testCases.LoginTest" name="loginAsWorker" time="0.001">
    <skipped/>
  </testcase> <!-- loginAsWorker -->
  <system-out>
LOGINASWORKER   checking  test  case run mode. if run mode is no: test will be skipped. loginAsWorker   test is  skipped the test as run mode is no   </system-out>
  <testcase classname="testCases.LoginTest" name="loginAsWorker" time="0.002">
    <skipped/>
  </testcase> <!-- loginAsWorker -->
  <system-out>
LOGINASWORKER   checking  test  case run mode. if run mode is no: test will be skipped. loginAsWorker   test is  skipped the test as run mode is no   </system-out>
  <testcase classname="testCases.LoginTest" name="loginAsWorker" time="0.006">
    <skipped/>
  </testcase> <!-- loginAsWorker -->
  <system-out>
LOGINASWORKER   checking  test  case run mode. if run mode is no: test will be skipped. loginAsWorker   test is  skipped the test as run mode is no   </system-out>
</testsuite> <!-- testCases.LoginTest -->
